2018-12-03T06:03:28.562530Z 0 [Warning] TIMESTAMP with implicit DEFAULT value is deprecated. Please use --explicit_defaults_for_timestamp server option (see documentation for more details).
2018-12-03T06:03:28.565331Z 0 [Note] /usr/sbin/mysqld (mysqld 5.7.24) starting as process 84380 ...
2018-12-03T06:03:28.570867Z 0 [Note] InnoDB: PUNCH HOLE support available
2018-12-03T06:03:28.570935Z 0 [Note] InnoDB: Mutexes and rw_locks use GCC atomic builtins
2018-12-03T06:03:28.570943Z 0 [Note] InnoDB: Uses event mutexes
2018-12-03T06:03:28.570951Z 0 [Note] InnoDB: GCC builtin __atomic_thread_fence() is used for memory barrier
2018-12-03T06:03:28.570958Z 0 [Note] InnoDB: Compressed tables use zlib 1.2.11
2018-12-03T06:03:28.570971Z 0 [Note] InnoDB: Using Linux native AIO
2018-12-03T06:03:28.571491Z 0 [Note] InnoDB: Number of pools: 1
2018-12-03T06:03:28.571676Z 0 [Note] InnoDB: Using CPU crc32 instructions
2018-12-03T06:03:28.574296Z 0 [Note] InnoDB: Initializing buffer pool, total size = 128M, instances = 1, chunk size = 128M
2018-12-03T06:03:28.592199Z 0 [Note] InnoDB: Completed initialization of buffer pool
2018-12-03T06:03:28.595502Z 0 [Note] InnoDB: If the mysqld execution user is authorized, page cleaner thread priority can be changed. See the man page of setpriority().
2018-12-03T06:03:28.609222Z 0 [Note] InnoDB: Highest supported file format is Barracuda.
2018-12-03T06:03:28.669236Z 0 [Note] InnoDB: Creating shared tablespace for temporary tables
2018-12-03T06:03:28.669428Z 0 [Note] InnoDB: Setting file './ibtmp1' size to 12 MB. Physically writing the file full; Please wait ...
2018-12-03T06:03:28.906514Z 0 [Note] InnoDB: File './ibtmp1' size is now 12 MB.
2018-12-03T06:03:28.908708Z 0 [Note] InnoDB: 96 redo rollback segment(s) found. 96 redo rollback segment(s) are active.
2018-12-03T06:03:28.908751Z 0 [Note] InnoDB: 32 non-redo rollback segment(s) are active.
2018-12-03T06:03:28.909304Z 0 [Note] InnoDB: Waiting for purge to start
2018-12-03T06:03:28.959673Z 0 [Note] InnoDB: 5.7.24 started; log sequence number 2591614
2018-12-03T06:03:28.960363Z 0 [Note] Plugin 'FEDERATED' is disabled.
2018-12-03T06:03:28.970077Z 0 [Note] Found ca.pem, server-cert.pem and server-key.pem in data directory. Trying to enable SSL support using them.
2018-12-03T06:03:28.970677Z 0 [Warning] CA certificate ca.pem is self signed.
2018-12-03T06:03:28.974492Z 0 [Note] Server hostname (bind-address): '*'; port: 3306
2018-12-03T06:03:28.974637Z 0 [Note] IPv6 is available.
2018-12-03T06:03:28.974661Z 0 [Note]   - '::' resolves to '::';
2018-12-03T06:03:28.974696Z 0 [Note] Server socket created on IP: '::'.
2018-12-03T06:03:28.975187Z 0 [Note] InnoDB: Loading buffer pool(s) from /var/lib/mysql/ib_buffer_pool
2018-12-03T06:03:28.978460Z 0 [Note] InnoDB: Buffer pool(s) load completed at 181203 14:03:28
2018-12-03T06:03:28.997964Z 0 [Note] Event Scheduler: Loaded 0 events
2018-12-03T06:03:28.998357Z 0 [Note] /usr/sbin/mysqld: ready for connections.
Version: '5.7.24'  socket: '/var/lib/mysql/mysql.sock'  port: 3306  MySQL Community Server (GPL)
2018-12-03T06:04:18.871329Z 2 [Note] Access denied for user 'root'@'localhost' (using password: NO)
2018-12-03T06:04:25.932828Z 3 [Note] Access denied for user 'root'@'localhost' (using password: NO)
